[1120/223220.757:WARNING:runtime_features.cc(728)] AttributionReportingCrossAppWeb cannot be enabled in this configuration. Use --enable-features=ConversionMeasurement,AttributionReportingCrossAppWeb in addition.
[1120/223220.772:WARNING:runtime_features.cc(728)] AttributionReportingCrossAppWeb cannot be enabled in this configuration. Use --enable-features=ConversionMeasurement,AttributionReportingCrossAppWeb in addition.
[1120/223221.220:INFO:CONSOLE(2)] "[object Object]", source: file:///C:/USERS/ADMINISTRATOR.DESKTOP-1205C7T/APPDATA/LOCAL/MICROSOFT/VISUALSTUDIO/16.0_A65512E7/EXTENSIONS/NCW4FPC0.2IV/WebView/Resources/chat.js (2)
[1120/223221.258:INFO:CONSOLE(2)] "Webview->Extension: [object Object]", source: file:///C:/USERS/ADMINISTRATOR.DESKTOP-1205C7T/APPDATA/LOCAL/MICROSOFT/VISUALSTUDIO/16.0_A65512E7/EXTENSIONS/NCW4FPC0.2IV/WebView/Resources/chat.js (2)
[1120/223221.259:INFO:CONSOLE(2)] "Webview->Extension: [object Object]", source: file:///C:/USERS/ADMINISTRATOR.DESKTOP-1205C7T/APPDATA/LOCAL/MICROSOFT/VISUALSTUDIO/16.0_A65512E7/EXTENSIONS/NCW4FPC0.2IV/WebView/Resources/chat.js (2)
[1120/223221.259:INFO:CONSOLE(2)] "Webview->Extension: [object Object]", source: file:///C:/USERS/ADMINISTRATOR.DESKTOP-1205C7T/APPDATA/LOCAL/MICROSOFT/VISUALSTUDIO/16.0_A65512E7/EXTENSIONS/NCW4FPC0.2IV/WebView/Resources/chat.js (2)
[1120/223221.259:INFO:CONSOLE(2)] "Webview->Extension: [object Object]", source: file:///C:/USERS/ADMINISTRATOR.DESKTOP-1205C7T/APPDATA/LOCAL/MICROSOFT/VISUALSTUDIO/16.0_A65512E7/EXTENSIONS/NCW4FPC0.2IV/WebView/Resources/chat.js (2)
[1120/223221.259:INFO:CONSOLE(2)] "Webview->Extension: [object Object]", source: file:///C:/USERS/ADMINISTRATOR.DESKTOP-1205C7T/APPDATA/LOCAL/MICROSOFT/VISUALSTUDIO/16.0_A65512E7/EXTENSIONS/NCW4FPC0.2IV/WebView/Resources/chat.js (2)
[1120/223221.259:INFO:CONSOLE(2)] "Webview->Extension: [object Object]", source: file:///C:/USERS/ADMINISTRATOR.DESKTOP-1205C7T/APPDATA/LOCAL/MICROSOFT/VISUALSTUDIO/16.0_A65512E7/EXTENSIONS/NCW4FPC0.2IV/WebView/Resources/chat.js (2)
[1120/223221.259:INFO:CONSOLE(2)] "[object Object]", source: file:///C:/USERS/ADMINISTRATOR.DESKTOP-1205C7T/APPDATA/LOCAL/MICROSOFT/VISUALSTUDIO/16.0_A65512E7/EXTENSIONS/NCW4FPC0.2IV/WebView/Resources/chat.js (2)
[1120/223221.259:INFO:CONSOLE(2)] "[object Object]", source: file:///C:/USERS/ADMINISTRATOR.DESKTOP-1205C7T/APPDATA/LOCAL/MICROSOFT/VISUALSTUDIO/16.0_A65512E7/EXTENSIONS/NCW4FPC0.2IV/WebView/Resources/chat.js (2)
[1120/223221.264:INFO:CONSOLE(2)] "[object Object]", source: file:///C:/USERS/ADMINISTRATOR.DESKTOP-1205C7T/APPDATA/LOCAL/MICROSOFT/VISUALSTUDIO/16.0_A65512E7/EXTENSIONS/NCW4FPC0.2IV/WebView/Resources/chat.js (2)
[1120/223221.305:INFO:CONSOLE(2)] "Extension->Webview: [object Object]", source: file:///C:/USERS/ADMINISTRATOR.DESKTOP-1205C7T/APPDATA/LOCAL/MICROSOFT/VISUALSTUDIO/16.0_A65512E7/EXTENSIONS/NCW4FPC0.2IV/WebView/Resources/chat.js (2)
[1120/223221.305:INFO:CONSOLE(2)] "[object Object]", source: file:///C:/USERS/ADMINISTRATOR.DESKTOP-1205C7T/APPDATA/LOCAL/MICROSOFT/VISUALSTUDIO/16.0_A65512E7/EXTENSIONS/NCW4FPC0.2IV/WebView/Resources/chat.js (2)
[1120/223221.305:INFO:CONSOLE(2)] "Extension->Webview: [object Object]", source: file:///C:/USERS/ADMINISTRATOR.DESKTOP-1205C7T/APPDATA/LOCAL/MICROSOFT/VISUALSTUDIO/16.0_A65512E7/EXTENSIONS/NCW4FPC0.2IV/WebView/Resources/chat.js (2)
[1120/223221.305:INFO:CONSOLE(2)] "[object Object]", source: file:///C:/USERS/ADMINISTRATOR.DESKTOP-1205C7T/APPDATA/LOCAL/MICROSOFT/VISUALSTUDIO/16.0_A65512E7/EXTENSIONS/NCW4FPC0.2IV/WebView/Resources/chat.js (2)
[1120/223239.569:INFO:CONSOLE(2)] "Extension->Webview: [object Object]", source: file:///C:/USERS/ADMINISTRATOR.DESKTOP-1205C7T/APPDATA/LOCAL/MICROSOFT/VISUALSTUDIO/16.0_A65512E7/EXTENSIONS/NCW4FPC0.2IV/WebView/Resources/chat.js (2)
[1120/223239.569:INFO:CONSOLE(2)] "[object Object]", source: file:///C:/USERS/ADMINISTRATOR.DESKTOP-1205C7T/APPDATA/LOCAL/MICROSOFT/VISUALSTUDIO/16.0_A65512E7/EXTENSIONS/NCW4FPC0.2IV/WebView/Resources/chat.js (2)
[1120/223239.744:INFO:CONSOLE(2)] "[object Object]", source: file:///C:/USERS/ADMINISTRATOR.DESKTOP-1205C7T/APPDATA/LOCAL/MICROSOFT/VISUALSTUDIO/16.0_A65512E7/EXTENSIONS/NCW4FPC0.2IV/WebView/Resources/chat.js (2)
[1120/223239.745:INFO:CONSOLE(2)] "Extension->Webview: [object Object]", source: file:///C:/USERS/ADMINISTRATOR.DESKTOP-1205C7T/APPDATA/LOCAL/MICROSOFT/VISUALSTUDIO/16.0_A65512E7/EXTENSIONS/NCW4FPC0.2IV/WebView/Resources/chat.js (2)
[1120/223239.745:INFO:CONSOLE(2)] "[object Object]", source: file:///C:/USERS/ADMINISTRATOR.DESKTOP-1205C7T/APPDATA/LOCAL/MICROSOFT/VISUALSTUDIO/16.0_A65512E7/EXTENSIONS/NCW4FPC0.2IV/WebView/Resources/chat.js (2)
[1120/223239.766:INFO:CONSOLE(2)] "[object Object]", source: file:///C:/USERS/ADMINISTRATOR.DESKTOP-1205C7T/APPDATA/LOCAL/MICROSOFT/VISUALSTUDIO/16.0_A65512E7/EXTENSIONS/NCW4FPC0.2IV/WebView/Resources/chat.js (2)
[1120/223239.801:INFO:CONSOLE(2)] "Extension->Webview: [object Object]", source: file:///C:/USERS/ADMINISTRATOR.DESKTOP-1205C7T/APPDATA/LOCAL/MICROSOFT/VISUALSTUDIO/16.0_A65512E7/EXTENSIONS/NCW4FPC0.2IV/WebView/Resources/chat.js (2)
[1120/223239.801:INFO:CONSOLE(2)] "[object Object]", source: file:///C:/USERS/ADMINISTRATOR.DESKTOP-1205C7T/APPDATA/LOCAL/MICROSOFT/VISUALSTUDIO/16.0_A65512E7/EXTENSIONS/NCW4FPC0.2IV/WebView/Resources/chat.js (2)
[1120/223239.802:INFO:CONSOLE(2)] "Extension->Webview: [object Object]", source: file:///C:/USERS/ADMINISTRATOR.DESKTOP-1205C7T/APPDATA/LOCAL/MICROSOFT/VISUALSTUDIO/16.0_A65512E7/EXTENSIONS/NCW4FPC0.2IV/WebView/Resources/chat.js (2)
[1120/223239.802:INFO:CONSOLE(2)] "[object Object]", source: file:///C:/USERS/ADMINISTRATOR.DESKTOP-1205C7T/APPDATA/LOCAL/MICROSOFT/VISUALSTUDIO/16.0_A65512E7/EXTENSIONS/NCW4FPC0.2IV/WebView/Resources/chat.js (2)
[1120/223239.835:INFO:CONSOLE(2)] "[object Object]", source: file:///C:/USERS/ADMINISTRATOR.DESKTOP-1205C7T/APPDATA/LOCAL/MICROSOFT/VISUALSTUDIO/16.0_A65512E7/EXTENSIONS/NCW4FPC0.2IV/WebView/Resources/chat.js (2)
[1120/223256.014:INFO:CONSOLE(2)] "Webview->Extension: [object Object]", source: file:///C:/USERS/ADMINISTRATOR.DESKTOP-1205C7T/APPDATA/LOCAL/MICROSOFT/VISUALSTUDIO/16.0_A65512E7/EXTENSIONS/NCW4FPC0.2IV/WebView/Resources/chat.js (2)
[1120/223604.704:INFO:CONSOLE(2)] "Webview->Extension: [object Object]", source: file:///C:/USERS/ADMINISTRATOR.DESKTOP-1205C7T/APPDATA/LOCAL/MICROSOFT/VISUALSTUDIO/16.0_A65512E7/EXTENSIONS/NCW4FPC0.2IV/WebView/Resources/chat.js (2)
[1120/223718.040:INFO:CONSOLE(2)] "Extension->Webview: [object Object]", source: file:///C:/USERS/ADMINISTRATOR.DESKTOP-1205C7T/APPDATA/LOCAL/MICROSOFT/VISUALSTUDIO/16.0_A65512E7/EXTENSIONS/NCW4FPC0.2IV/WebView/Resources/chat.js (2)
[1120/223718.299:INFO:CONSOLE(2)] "Extension->Webview: [object Object]", source: file:///C:/USERS/ADMINISTRATOR.DESKTOP-1205C7T/APPDATA/LOCAL/MICROSOFT/VISUALSTUDIO/16.0_A65512E7/EXTENSIONS/NCW4FPC0.2IV/WebView/Resources/chat.js (2)
[1120/223720.958:INFO:CONSOLE(2)] "Webview->Extension: [object Object]", source: file:///C:/USERS/ADMINISTRATOR.DESKTOP-1205C7T/APPDATA/LOCAL/MICROSOFT/VISUALSTUDIO/16.0_A65512E7/EXTENSIONS/NCW4FPC0.2IV/WebView/Resources/chat.js (2)
[1120/223720.958:INFO:CONSOLE(2)] "[object Object]", source: file:///C:/USERS/ADMINISTRATOR.DESKTOP-1205C7T/APPDATA/LOCAL/MICROSOFT/VISUALSTUDIO/16.0_A65512E7/EXTENSIONS/NCW4FPC0.2IV/WebView/Resources/chat.js (2)
[1120/223720.962:INFO:CONSOLE(2)] "Extension->Webview: [object Object]", source: file:///C:/USERS/ADMINISTRATOR.DESKTOP-1205C7T/APPDATA/LOCAL/MICROSOFT/VISUALSTUDIO/16.0_A65512E7/EXTENSIONS/NCW4FPC0.2IV/WebView/Resources/chat.js (2)
[1120/223720.962:INFO:CONSOLE(2)] "[object Object]", source: file:///C:/USERS/ADMINISTRATOR.DESKTOP-1205C7T/APPDATA/LOCAL/MICROSOFT/VISUALSTUDIO/16.0_A65512E7/EXTENSIONS/NCW4FPC0.2IV/WebView/Resources/chat.js (2)
[1120/223720.995:INFO:CONSOLE(2)] "[object Object]", source: file:///C:/USERS/ADMINISTRATOR.DESKTOP-1205C7T/APPDATA/LOCAL/MICROSOFT/VISUALSTUDIO/16.0_A65512E7/EXTENSIONS/NCW4FPC0.2IV/WebView/Resources/chat.js (2)
[1120/223721.078:INFO:CONSOLE(2)] "Extension->Webview: [object Object]", source: file:///C:/USERS/ADMINISTRATOR.DESKTOP-1205C7T/APPDATA/LOCAL/MICROSOFT/VISUALSTUDIO/16.0_A65512E7/EXTENSIONS/NCW4FPC0.2IV/WebView/Resources/chat.js (2)
[1120/223721.078:INFO:CONSOLE(2)] "[object Object]", source: file:///C:/USERS/ADMINISTRATOR.DESKTOP-1205C7T/APPDATA/LOCAL/MICROSOFT/VISUALSTUDIO/16.0_A65512E7/EXTENSIONS/NCW4FPC0.2IV/WebView/Resources/chat.js (2)
[1120/223721.079:INFO:CONSOLE(2)] "Extension->Webview: [object Object]", source: file:///C:/USERS/ADMINISTRATOR.DESKTOP-1205C7T/APPDATA/LOCAL/MICROSOFT/VISUALSTUDIO/16.0_A65512E7/EXTENSIONS/NCW4FPC0.2IV/WebView/Resources/chat.js (2)
[1120/223721.079:INFO:CONSOLE(2)] "[object Object]", source: file:///C:/USERS/ADMINISTRATOR.DESKTOP-1205C7T/APPDATA/LOCAL/MICROSOFT/VISUALSTUDIO/16.0_A65512E7/EXTENSIONS/NCW4FPC0.2IV/WebView/Resources/chat.js (2)
[1120/223721.096:INFO:CONSOLE(2)] "[object Object]", source: file:///C:/USERS/ADMINISTRATOR.DESKTOP-1205C7T/APPDATA/LOCAL/MICROSOFT/VISUALSTUDIO/16.0_A65512E7/EXTENSIONS/NCW4FPC0.2IV/WebView/Resources/chat.js (2)
[1120/223722.609:INFO:CONSOLE(2)] "[object Object]", source: file:///C:/USERS/ADMINISTRATOR.DESKTOP-1205C7T/APPDATA/LOCAL/MICROSOFT/VISUALSTUDIO/16.0_A65512E7/EXTENSIONS/NCW4FPC0.2IV/WebView/Resources/chat.js (2)
[1120/223724.064:INFO:CONSOLE(2)] "[object Object]", source: file:///C:/USERS/ADMINISTRATOR.DESKTOP-1205C7T/APPDATA/LOCAL/MICROSOFT/VISUALSTUDIO/16.0_A65512E7/EXTENSIONS/NCW4FPC0.2IV/WebView/Resources/chat.js (2)
[1120/223726.040:INFO:CONSOLE(2)] "Webview->Extension: [object Object]", source: file:///C:/USERS/ADMINISTRATOR.DESKTOP-1205C7T/APPDATA/LOCAL/MICROSOFT/VISUALSTUDIO/16.0_A65512E7/EXTENSIONS/NCW4FPC0.2IV/WebView/Resources/chat.js (2)
[1120/223917.550:WARNING:runtime_features.cc(728)] AttributionReportingCrossAppWeb cannot be enabled in this configuration. Use --enable-features=ConversionMeasurement,AttributionReportingCrossAppWeb in addition.
[1120/223917.568:WARNING:runtime_features.cc(728)] AttributionReportingCrossAppWeb cannot be enabled in this configuration. Use --enable-features=ConversionMeasurement,AttributionReportingCrossAppWeb in addition.
[1120/223918.029:INFO:CONSOLE(2)] "[object Object]", source: file:///C:/users/administrator.desktop-1205c7t/appdata/local/microsoft/visualstudio/16.0_a65512e7/extensions/ncw4fpc0.2iv/WebView/Resources/chat.js (2)
[1120/223918.069:INFO:CONSOLE(2)] "Webview->Extension: [object Object]", source: file:///C:/users/administrator.desktop-1205c7t/appdata/local/microsoft/visualstudio/16.0_a65512e7/extensions/ncw4fpc0.2iv/WebView/Resources/chat.js (2)
[1120/223918.069:INFO:CONSOLE(2)] "Webview->Extension: [object Object]", source: file:///C:/users/administrator.desktop-1205c7t/appdata/local/microsoft/visualstudio/16.0_a65512e7/extensions/ncw4fpc0.2iv/WebView/Resources/chat.js (2)
[1120/223918.069:INFO:CONSOLE(2)] "Webview->Extension: [object Object]", source: file:///C:/users/administrator.desktop-1205c7t/appdata/local/microsoft/visualstudio/16.0_a65512e7/extensions/ncw4fpc0.2iv/WebView/Resources/chat.js (2)
[1120/223918.069:INFO:CONSOLE(2)] "Webview->Extension: [object Object]", source: file:///C:/users/administrator.desktop-1205c7t/appdata/local/microsoft/visualstudio/16.0_a65512e7/extensions/ncw4fpc0.2iv/WebView/Resources/chat.js (2)
[1120/223918.069:INFO:CONSOLE(2)] "Webview->Extension: [object Object]", source: file:///C:/users/administrator.desktop-1205c7t/appdata/local/microsoft/visualstudio/16.0_a65512e7/extensions/ncw4fpc0.2iv/WebView/Resources/chat.js (2)
[1120/223918.069:INFO:CONSOLE(2)] "Webview->Extension: [object Object]", source: file:///C:/users/administrator.desktop-1205c7t/appdata/local/microsoft/visualstudio/16.0_a65512e7/extensions/ncw4fpc0.2iv/WebView/Resources/chat.js (2)
[1120/223918.069:INFO:CONSOLE(2)] "[object Object]", source: file:///C:/users/administrator.desktop-1205c7t/appdata/local/microsoft/visualstudio/16.0_a65512e7/extensions/ncw4fpc0.2iv/WebView/Resources/chat.js (2)
[1120/223918.071:INFO:CONSOLE(2)] "[object Object]", source: file:///C:/users/administrator.desktop-1205c7t/appdata/local/microsoft/visualstudio/16.0_a65512e7/extensions/ncw4fpc0.2iv/WebView/Resources/chat.js (2)
[1120/223918.077:INFO:CONSOLE(2)] "[object Object]", source: file:///C:/users/administrator.desktop-1205c7t/appdata/local/microsoft/visualstudio/16.0_a65512e7/extensions/ncw4fpc0.2iv/WebView/Resources/chat.js (2)
[1120/223918.157:INFO:CONSOLE(2)] "[object Object]", source: file:///C:/users/administrator.desktop-1205c7t/appdata/local/microsoft/visualstudio/16.0_a65512e7/extensions/ncw4fpc0.2iv/WebView/Resources/chat.js (2)
[1120/223918.191:INFO:CONSOLE(2)] "[object Object]", source: file:///C:/users/administrator.desktop-1205c7t/appdata/local/microsoft/visualstudio/16.0_a65512e7/extensions/ncw4fpc0.2iv/WebView/Resources/chat.js (2)
[1120/223918.275:INFO:CONSOLE(2)] "Extension->Webview: [object Object]", source: file:///C:/users/administrator.desktop-1205c7t/appdata/local/microsoft/visualstudio/16.0_a65512e7/extensions/ncw4fpc0.2iv/WebView/Resources/chat.js (2)
[1120/223918.275:INFO:CONSOLE(2)] "[object Object]", source: file:///C:/users/administrator.desktop-1205c7t/appdata/local/microsoft/visualstudio/16.0_a65512e7/extensions/ncw4fpc0.2iv/WebView/Resources/chat.js (2)
[1120/223918.294:INFO:CONSOLE(2)] "Extension->Webview: [object Object]", source: file:///C:/users/administrator.desktop-1205c7t/appdata/local/microsoft/visualstudio/16.0_a65512e7/extensions/ncw4fpc0.2iv/WebView/Resources/chat.js (2)
[1120/223918.294:INFO:CONSOLE(2)] "[object Object]", source: file:///C:/users/administrator.desktop-1205c7t/appdata/local/microsoft/visualstudio/16.0_a65512e7/extensions/ncw4fpc0.2iv/WebView/Resources/chat.js (2)
[1120/223927.634:INFO:CONSOLE(2)] "Webview->Extension: [object Object]", source: file:///C:/users/administrator.desktop-1205c7t/appdata/local/microsoft/visualstudio/16.0_a65512e7/extensions/ncw4fpc0.2iv/WebView/Resources/chat.js (2)
[1120/223927.667:INFO:CONSOLE(2)] "Extension->Webview: [object Object]", source: file:///C:/users/administrator.desktop-1205c7t/appdata/local/microsoft/visualstudio/16.0_a65512e7/extensions/ncw4fpc0.2iv/WebView/Resources/chat.js (2)
[1120/223927.667:INFO:CONSOLE(2)] "[object Object]", source: file:///C:/users/administrator.desktop-1205c7t/appdata/local/microsoft/visualstudio/16.0_a65512e7/extensions/ncw4fpc0.2iv/WebView/Resources/chat.js (2)
[1120/223927.671:INFO:CONSOLE(2)] "Extension->Webview: [object Object]", source: file:///C:/users/administrator.desktop-1205c7t/appdata/local/microsoft/visualstudio/16.0_a65512e7/extensions/ncw4fpc0.2iv/WebView/Resources/chat.js (2)
[1120/223927.671:INFO:CONSOLE(2)] "[object Object]", source: file:///C:/users/administrator.desktop-1205c7t/appdata/local/microsoft/visualstudio/16.0_a65512e7/extensions/ncw4fpc0.2iv/WebView/Resources/chat.js (2)
[1120/223927.691:INFO:CONSOLE(2)] "[object Object]", source: file:///C:/users/administrator.desktop-1205c7t/appdata/local/microsoft/visualstudio/16.0_a65512e7/extensions/ncw4fpc0.2iv/WebView/Resources/chat.js (2)
[1120/223936.930:INFO:CONSOLE(2)] "Webview->Extension: [object Object]", source: file:///C:/users/administrator.desktop-1205c7t/appdata/local/microsoft/visualstudio/16.0_a65512e7/extensions/ncw4fpc0.2iv/WebView/Resources/chat.js (2)
[1120/223936.932:INFO:CONSOLE(2)] "Extension->Webview: [object Object]", source: file:///C:/users/administrator.desktop-1205c7t/appdata/local/microsoft/visualstudio/16.0_a65512e7/extensions/ncw4fpc0.2iv/WebView/Resources/chat.js (2)
[1120/223936.932:INFO:CONSOLE(2)] "[object Object]", source: file:///C:/users/administrator.desktop-1205c7t/appdata/local/microsoft/visualstudio/16.0_a65512e7/extensions/ncw4fpc0.2iv/WebView/Resources/chat.js (2)
[1120/223936.958:INFO:CONSOLE(2)] "[object Object]", source: file:///C:/users/administrator.desktop-1205c7t/appdata/local/microsoft/visualstudio/16.0_a65512e7/extensions/ncw4fpc0.2iv/WebView/Resources/chat.js (2)
[1120/224015.826:INFO:CONSOLE(2)] "[object Object]", source: file:///C:/users/administrator.desktop-1205c7t/appdata/local/microsoft/visualstudio/16.0_a65512e7/extensions/ncw4fpc0.2iv/WebView/Resources/chat.js (2)
[1120/224016.595:INFO:CONSOLE(2)] "Webview->Extension: [object Object]", source: file:///C:/users/administrator.desktop-1205c7t/appdata/local/microsoft/visualstudio/16.0_a65512e7/extensions/ncw4fpc0.2iv/WebView/Resources/chat.js (2)
[1120/224016.599:INFO:CONSOLE(2)] "Extension->Webview: [object Object]", source: file:///C:/users/administrator.desktop-1205c7t/appdata/local/microsoft/visualstudio/16.0_a65512e7/extensions/ncw4fpc0.2iv/WebView/Resources/chat.js (2)
[1120/224016.599:INFO:CONSOLE(2)] "[object Object]", source: file:///C:/users/administrator.desktop-1205c7t/appdata/local/microsoft/visualstudio/16.0_a65512e7/extensions/ncw4fpc0.2iv/WebView/Resources/chat.js (2)
[1120/224016.772:INFO:CONSOLE(2)] "[object Object]", source: file:///C:/users/administrator.desktop-1205c7t/appdata/local/microsoft/visualstudio/16.0_a65512e7/extensions/ncw4fpc0.2iv/WebView/Resources/chat.js (2)
[1120/224016.776:INFO:CONSOLE(2)] "Extension->Webview: [object Object]", source: file:///C:/users/administrator.desktop-1205c7t/appdata/local/microsoft/visualstudio/16.0_a65512e7/extensions/ncw4fpc0.2iv/WebView/Resources/chat.js (2)
[1120/224016.776:INFO:CONSOLE(2)] "[object Object]", source: file:///C:/users/administrator.desktop-1205c7t/appdata/local/microsoft/visualstudio/16.0_a65512e7/extensions/ncw4fpc0.2iv/WebView/Resources/chat.js (2)
[1120/224016.791:INFO:CONSOLE(2)] "[object Object]", source: file:///C:/users/administrator.desktop-1205c7t/appdata/local/microsoft/visualstudio/16.0_a65512e7/extensions/ncw4fpc0.2iv/WebView/Resources/chat.js (2)
[1120/224352.866:INFO:CONSOLE(2)] "[object Object]", source: file:///C:/users/administrator.desktop-1205c7t/appdata/local/microsoft/visualstudio/16.0_a65512e7/extensions/ncw4fpc0.2iv/WebView/Resources/chat.js (2)
[1120/225134.065:ERROR:dns_config_service.cc(273)] DNS config watch failed.
[1120/225134.065:ERROR:dns_config_service.cc(273)] DNS config watch failed.
[1121/105333.156:WARNING:runtime_features.cc(728)] AttributionReportingCrossAppWeb cannot be enabled in this configuration. Use --enable-features=ConversionMeasurement,AttributionReportingCrossAppWeb in addition.
[1121/105333.180:WARNING:runtime_features.cc(728)] AttributionReportingCrossAppWeb cannot be enabled in this configuration. Use --enable-features=ConversionMeasurement,AttributionReportingCrossAppWeb in addition.
[1121/105333.613:INFO:CONSOLE(2)] "[object Object]", source: file:///C:/users/administrator.desktop-1205c7t/appdata/local/microsoft/visualstudio/16.0_a65512e7/extensions/ncw4fpc0.2iv/WebView/Resources/chat.js (2)
[1121/105333.650:INFO:CONSOLE(2)] "Webview->Extension: [object Object]", source: file:///C:/users/administrator.desktop-1205c7t/appdata/local/microsoft/visualstudio/16.0_a65512e7/extensions/ncw4fpc0.2iv/WebView/Resources/chat.js (2)
[1121/105333.650:INFO:CONSOLE(2)] "Webview->Extension: [object Object]", source: file:///C:/users/administrator.desktop-1205c7t/appdata/local/microsoft/visualstudio/16.0_a65512e7/extensions/ncw4fpc0.2iv/WebView/Resources/chat.js (2)
[1121/105333.650:INFO:CONSOLE(2)] "Webview->Extension: [object Object]", source: file:///C:/users/administrator.desktop-1205c7t/appdata/local/microsoft/visualstudio/16.0_a65512e7/extensions/ncw4fpc0.2iv/WebView/Resources/chat.js (2)
[1121/105333.650:INFO:CONSOLE(2)] "Webview->Extension: [object Object]", source: file:///C:/users/administrator.desktop-1205c7t/appdata/local/microsoft/visualstudio/16.0_a65512e7/extensions/ncw4fpc0.2iv/WebView/Resources/chat.js (2)
[1121/105333.650:INFO:CONSOLE(2)] "Webview->Extension: [object Object]", source: file:///C:/users/administrator.desktop-1205c7t/appdata/local/microsoft/visualstudio/16.0_a65512e7/extensions/ncw4fpc0.2iv/WebView/Resources/chat.js (2)
[1121/105333.650:INFO:CONSOLE(2)] "Webview->Extension: [object Object]", source: file:///C:/users/administrator.desktop-1205c7t/appdata/local/microsoft/visualstudio/16.0_a65512e7/extensions/ncw4fpc0.2iv/WebView/Resources/chat.js (2)
[1121/105333.650:INFO:CONSOLE(2)] "[object Object]", source: file:///C:/users/administrator.desktop-1205c7t/appdata/local/microsoft/visualstudio/16.0_a65512e7/extensions/ncw4fpc0.2iv/WebView/Resources/chat.js (2)
[1121/105333.652:INFO:CONSOLE(2)] "[object Object]", source: file:///C:/users/administrator.desktop-1205c7t/appdata/local/microsoft/visualstudio/16.0_a65512e7/extensions/ncw4fpc0.2iv/WebView/Resources/chat.js (2)
[1121/105333.659:INFO:CONSOLE(2)] "[object Object]", source: file:///C:/users/administrator.desktop-1205c7t/appdata/local/microsoft/visualstudio/16.0_a65512e7/extensions/ncw4fpc0.2iv/WebView/Resources/chat.js (2)
[1121/105333.728:INFO:CONSOLE(2)] "Extension->Webview: [object Object]", source: file:///C:/users/administrator.desktop-1205c7t/appdata/local/microsoft/visualstudio/16.0_a65512e7/extensions/ncw4fpc0.2iv/WebView/Resources/chat.js (2)
[1121/105333.728:INFO:CONSOLE(2)] "[object Object]", source: file:///C:/users/administrator.desktop-1205c7t/appdata/local/microsoft/visualstudio/16.0_a65512e7/extensions/ncw4fpc0.2iv/WebView/Resources/chat.js (2)
[1121/105333.730:INFO:CONSOLE(2)] "Extension->Webview: [object Object]", source: file:///C:/users/administrator.desktop-1205c7t/appdata/local/microsoft/visualstudio/16.0_a65512e7/extensions/ncw4fpc0.2iv/WebView/Resources/chat.js (2)
[1121/105333.731:INFO:CONSOLE(2)] "[object Object]", source: file:///C:/users/administrator.desktop-1205c7t/appdata/local/microsoft/visualstudio/16.0_a65512e7/extensions/ncw4fpc0.2iv/WebView/Resources/chat.js (2)
[1121/105718.432:INFO:CONSOLE(2)] "[object Object]", source: file:///C:/users/administrator.desktop-1205c7t/appdata/local/microsoft/visualstudio/16.0_a65512e7/extensions/ncw4fpc0.2iv/WebView/Resources/chat.js (2)
[1121/105718.522:INFO:CONSOLE(2)] "[object Object]", source: file:///C:/users/administrator.desktop-1205c7t/appdata/local/microsoft/visualstudio/16.0_a65512e7/extensions/ncw4fpc0.2iv/WebView/Resources/chat.js (2)
[1121/110111.064:INFO:CONSOLE(2)] "[object Object]", source: file:///C:/users/administrator.desktop-1205c7t/appdata/local/microsoft/visualstudio/16.0_a65512e7/extensions/ncw4fpc0.2iv/WebView/Resources/chat.js (2)
[1121/110111.153:INFO:CONSOLE(2)] "[object Object]", source: file:///C:/users/administrator.desktop-1205c7t/appdata/local/microsoft/visualstudio/16.0_a65512e7/extensions/ncw4fpc0.2iv/WebView/Resources/chat.js (2)
[1121/110212.130:INFO:CONSOLE(2)] "[object Object]", source: file:///C:/users/administrator.desktop-1205c7t/appdata/local/microsoft/visualstudio/16.0_a65512e7/extensions/ncw4fpc0.2iv/WebView/Resources/chat.js (2)
[1121/110212.162:INFO:CONSOLE(2)] "[object Object]", source: file:///C:/users/administrator.desktop-1205c7t/appdata/local/microsoft/visualstudio/16.0_a65512e7/extensions/ncw4fpc0.2iv/WebView/Resources/chat.js (2)
[1121/110759.359:INFO:CONSOLE(2)] "[object Object]", source: file:///C:/users/administrator.desktop-1205c7t/appdata/local/microsoft/visualstudio/16.0_a65512e7/extensions/ncw4fpc0.2iv/WebView/Resources/chat.js (2)
[1121/110759.412:INFO:CONSOLE(2)] "[object Object]", source: file:///C:/users/administrator.desktop-1205c7t/appdata/local/microsoft/visualstudio/16.0_a65512e7/extensions/ncw4fpc0.2iv/WebView/Resources/chat.js (2)
[1121/110829.225:INFO:CONSOLE(2)] "[object Object]", source: file:///C:/users/administrator.desktop-1205c7t/appdata/local/microsoft/visualstudio/16.0_a65512e7/extensions/ncw4fpc0.2iv/WebView/Resources/chat.js (2)
[1121/110829.277:INFO:CONSOLE(2)] "[object Object]", source: file:///C:/users/administrator.desktop-1205c7t/appdata/local/microsoft/visualstudio/16.0_a65512e7/extensions/ncw4fpc0.2iv/WebView/Resources/chat.js (2)
[1121/110903.558:INFO:CONSOLE(2)] "[object Object]", source: file:///C:/users/administrator.desktop-1205c7t/appdata/local/microsoft/visualstudio/16.0_a65512e7/extensions/ncw4fpc0.2iv/WebView/Resources/chat.js (2)
[1121/110903.615:INFO:CONSOLE(2)] "[object Object]", source: file:///C:/users/administrator.desktop-1205c7t/appdata/local/microsoft/visualstudio/16.0_a65512e7/extensions/ncw4fpc0.2iv/WebView/Resources/chat.js (2)
[1121/111116.632:INFO:CONSOLE(2)] "[object Object]", source: file:///C:/users/administrator.desktop-1205c7t/appdata/local/microsoft/visualstudio/16.0_a65512e7/extensions/ncw4fpc0.2iv/WebView/Resources/chat.js (2)
[1121/111116.714:INFO:CONSOLE(2)] "[object Object]", source: file:///C:/users/administrator.desktop-1205c7t/appdata/local/microsoft/visualstudio/16.0_a65512e7/extensions/ncw4fpc0.2iv/WebView/Resources/chat.js (2)
[1121/111410.723:INFO:CONSOLE(2)] "[object Object]", source: file:///C:/users/administrator.desktop-1205c7t/appdata/local/microsoft/visualstudio/16.0_a65512e7/extensions/ncw4fpc0.2iv/WebView/Resources/chat.js (2)
[1121/111410.820:INFO:CONSOLE(2)] "[object Object]", source: file:///C:/users/administrator.desktop-1205c7t/appdata/local/microsoft/visualstudio/16.0_a65512e7/extensions/ncw4fpc0.2iv/WebView/Resources/chat.js (2)
